Removed Pin From Net: NetName=D4 Pin=U2-2
Removed Pin From Net: NetName=D5 Pin=U2-3
Removed Pin From Net: NetName=D6 Pin=U2-4
Removed Pin From Net: NetName=D7 Pin=U2-5
Removed Pin From Net: NetName=B0 Pin=U2-9
Removed Pin From Net: NetName=NetR1_2 Pin=U2-18
Removed Pin From Net: NetName=NetC1_2 Pin=U2-32
Removed Pin From Net: NetName=NetC2_2 Pin=U2-33
Removed Pin From Net: NetName=D0 Pin=U2-38
Removed Pin From Net: NetName=D1 Pin=U2-39
Change Component Footprint: Designator=U2 Old Footprint=QFN-ML44_N New Footprint=PDIP600-P40
Change Component Comment : Designator=U2 Old Comment=PIC16F877A-I/ML New Comment=PIC16F877A-I/P
Change component parameters: Designator = "U2" ("U2"); Footprint = "QFN-ML44_N"; UniqueID = "\LWVPRJKC" ("\LWVPRJKC")
Change component parameters (AddParameter): Name = "ComponentAvailability"; Value = "Unknown. Contact manufacturer to determine status."; VariantName = "[No Variations]"
Change component parameters (AddParameter): Name = "ComponentLink1Description"; Value = "Datasheet"; VariantName = "[No Variations]"
Change component parameters (AddParameter): Name = "ComponentLink1URL"; Value = "http://ww1.microchip.com/downloads/en/DeviceDoc/39582b.pdf"; VariantName = "[No Variations]"
Change component parameters (AddParameter): Name = "ComponentLink2Description"; Value = "Packaging Specification"; VariantName = "[No Variations]"
Change component parameters (AddParameter): Name = "ComponentLink2URL"; Value = "http://www.microchip.com/stellent/groups/techpub_sg/documents/packagingspec/en012702.pdf"; VariantName = "[No Variations]"
Change component parameters (AddParameter): Name = "ComponentLink3Description"; Value = "Microchip.com Home"; VariantName = "[No Variations]"
Change component parameters (AddParameter): Name = "ComponentLink3URL"; Value = "http://www.microchip.com/"; VariantName = "[No Variations]"
Change component parameters (AddParameter): Name = "DatasheetVersion"; Value = "revB, Oct-2003"; VariantName = "[No Variations]"
Change component parameters (AddParameter): Name = "LatestRevisionDate"; Value = "29-Jan-2009"; VariantName = "[No Variations]"
Change component parameters (AddParameter): Name = "LatestRevisionNote"; Value = "Sch. layout revised. 3D Model Removed."; VariantName = "[No Variations]"
Change component parameters (AddParameter): Name = "PackageDescription"; Value = "40-Lead Plastic Dual In-Line (P) - 600 mil Body [PDIP]"; VariantName = "[No Variations]"
Change component parameters (AddParameter): Name = "PackageReference"; Value = "PDIP600-P40"; VariantName = "[No Variations]"
Change component parameters (AddParameter): Name = "PackageVersion"; Value = "revBB, Aug-2009"; VariantName = "[No Variations]"
Change component parameters (AddParameter): Name = "Published"; Value = "11-Oct-2004"; VariantName = "[No Variations]"
Change component parameters (AddParameter): Name = "Publisher"; Value = "Altium Limited"; VariantName = "[No Variations]"
Change component parameters (AddParameter): Name = "Supplier 1"; Value = "Digi-Key"; VariantName = "[No Variations]"
Change component parameters (AddParameter): Name = "Supplier 2"; Value = "Farnell"; VariantName = "[No Variations]"
Change component parameters (AddParameter): Name = "Supplier 3"; Value = "Farnell"; VariantName = "[No Variations]"
Change component parameters (AddParameter): Name = "Supplier Part Number 1"; Value = "PIC16F877A-I/P-ND"; VariantName = "[No Variations]"
Change component parameters (AddParameter): Name = "Supplier Part Number 2"; Value = "1523966"; VariantName = "[No Variations]"
Change component parameters (AddParameter): Name = "Supplier Part Number 3"; Value = "9761446"; VariantName = "[No Variations]"
Added Pin To Net: NetName=NetR1_2 Pin=U2-1
Added Pin To Net: NetName=NetC1_2 Pin=U2-13
Added Pin To Net: NetName=NetC2_2 Pin=U2-14
Added Pin To Net: NetName=D0 Pin=U2-15
Added Pin To Net: NetName=D1 Pin=U2-16
Added Pin To Net: NetName=D4 Pin=U2-23
Added Pin To Net: NetName=D5 Pin=U2-24
Added Pin To Net: NetName=D6 Pin=U2-25
Added Pin To Net: NetName=D7 Pin=U2-26
Added Pin To Net: NetName=B0 Pin=U2-33
Added Member To Class: ClassName=btl Member=Component U1 HC-SR04
